# JRE version: Java(TM) SE Runtime Environment (8.0_102-b14) (build 1.8.0_102-b14)
# Java VM: Java HotSpot(TM) 64-Bit Server VM (25.102-b14 mixed mode bsd-amd64 compressed oops)
Heap:
 PSYoungGen      total 36864K, used 24422K [0x0000000795580000, 0x0000000798400000, 0x00000007c0000000)
  eden space 27136K, 82% used [0x0000000795580000,0x0000000796b5ba78,0x0000000797000000)
  from space 9728K, 20% used [0x0000000797a80000,0x0000000797c7e0a0,0x0000000798400000)
  to   space 10240K, 0% used [0x0000000797000000,0x0000000797000000,0x0000000797a00000)
 ParOldGen       total 50176K, used 24471K [0x0000000740000000, 0x0000000743100000, 0x0000000795580000)
  object space 50176K, 48% used [0x0000000740000000,0x00000007417e5d50,0x0000000743100000)
 Metaspace       used 29862K, capacity 30788K, committed 30848K, reserved 1077248K
  class space    used 3360K, capacity 3687K, committed 3712K, reserved 1048576K
GC Heap History (10 events):
Event: 66.980 GC heap before
{Heap before GC invocations=13 (full 1):
 PSYoungGen      total 39424K, used 37140K [0x0000000795580000, 0x0000000798680000, 0x00000007c0000000)
  eden space 29696K, 100% used [0x0000000795580000,0x0000000797280000,0x0000000797280000)
  from space 9728K, 76% used [0x0000000797300000,0x0000000797a45120,0x0000000797c80000)
  to   space 10240K, 0% used [0x0000000797c80000,0x0000000797c80000,0x0000000798680000)
 ParOldGen       total 50176K, used 13554K [0x0000000740000000, 0x0000000743100000, 0x0000000795580000)
  object space 50176K, 27% used [0x0000000740000000,0x0000000740d3cb70,0x0000000743100000)
 Metaspace       used 26233K, capacity 26890K, committed 27136K, reserved 1073152K
  class space    used 3041K, capacity 3274K, committed 3328K, reserved 1048576K
Event: 67.003 GC heap after
Heap after GC invocations=13 (full 1):
 PSYoungGen      total 38912K, used 2400K [0x0000000795580000, 0x0000000798600000, 0x00000007c0000000)
  eden space 29184K, 0% used [0x0000000795580000,0x0000000795580000,0x0000000797200000)
  from space 9728K, 24% used [0x0000000797c80000,0x0000000797ed8030,0x0000000798600000)
  to   space 10240K, 0% used [0x0000000797200000,0x0000000797200000,0x0000000797c00000)
 ParOldGen       total 50176K, used 20403K [0x0000000740000000, 0x0000000743100000, 0x0000000795580000)
  object space 50176K, 40% used [0x0000000740000000,0x00000007413ece60,0x0000000743100000)
 Metaspace       used 26233K, capacity 26890K, committed 27136K, reserved 1073152K
  class space    used 3041K, capacity 3274K, committed 3328K, reserved 1048576K
}
Event: 68.266 GC heap before
{Heap before GC invocations=14 (full 1):
 PSYoungGen      total 38912K, used 31584K [0x0000000795580000, 0x0000000798600000, 0x00000007c0000000)
  eden space 29184K, 100% used [0x0000000795580000,0x0000000797200000,0x0000000797200000)
  from space 9728K, 24% used [0x0000000797c80000,0x0000000797ed8030,0x0000000798600000)
  to   space 10240K, 0% used [0x0000000797200000,0x0000000797200000,0x0000000797c00000)
 ParOldGen       total 50176K, used 20403K [0x0000000740000000, 0x0000000743100000, 0x0000000795580000)
  object space 50176K, 40% used [0x0000000740000000,0x00000007413ece60,0x0000000743100000)
 Metaspace       used 26558K, capacity 27146K, committed 27392K, reserved 1073152K
  class space    used 3056K, capacity 3274K, committed 3328K, reserved 1048576K
Event: 68.273 GC heap after
Heap after GC invocations=14 (full 1):
 PSYoungGen      total 31744K, used 2583K [0x0000000795580000, 0x0000000798580000, 0x00000007c0000000)
  eden space 28672K, 0% used [0x0000000795580000,0x0000000795580000,0x0000000797180000)
  from space 3072K, 84% used [0x0000000797200000,0x0000000797485e50,0x0000000797500000)
  to   space 10240K, 0% used [0x0000000797b80000,0x0000000797b80000,0x0000000798580000)
 ParOldGen       total 50176K, used 22631K [0x0000000740000000, 0x0000000743100000, 0x0000000795580000)
  object space 50176K, 45% used [0x0000000740000000,0x0000000741619d30,0x0000000743100000)
 Metaspace       used 26558K, capacity 27146K, committed 27392K, reserved 1073152K
  class space    used 3056K, capacity 3274K, committed 3328K, reserved 1048576K
}
Event: 74.929 GC heap before
{Heap before GC invocations=15 (full 1):
 PSYoungGen      total 31744K, used 31255K [0x0000000795580000, 0x0000000798580000, 0x00000007c0000000)
  eden space 28672K, 100% used [0x0000000795580000,0x0000000797180000,0x0000000797180000)
  from space 3072K, 84% used [0x0000000797200000,0x0000000797485e50,0x0000000797500000)
  to   space 10240K, 0% used [0x0000000797b80000,0x0000000797b80000,0x0000000798580000)
 ParOldGen       total 50176K, used 22631K [0x0000000740000000, 0x0000000743100000, 0x0000000795580000)
  object space 50176K, 45% used [0x0000000740000000,0x0000000741619d30,0x0000000743100000)
 Metaspace       used 28518K, capacity 29252K, committed 29440K, reserved 1075200K
  class space    used 3245K, capacity 3516K, committed 3584K, reserved 1048576K
Event: 74.936 GC heap after
Heap after GC invocations=15 (full 1):
 PSYoungGen      total 37888K, used 2181K [0x0000000795580000, 0x0000000798500000, 0x00000007c0000000)
  eden space 28160K, 0% used [0x0000000795580000,0x0000000795580000,0x0000000797100000)
  from space 9728K, 22% used [0x0000000797b80000,0x0000000797da1728,0x0000000798500000)
  to   space 10240K, 0% used [0x0000000797100000,0x0000000797100000,0x0000000797b00000)
 ParOldGen       total 50176K, used 23431K [0x0000000740000000, 0x0000000743100000, 0x0000000795580000)
  object space 50176K, 46% used [0x0000000740000000,0x00000007416e1d50,0x0000000743100000)
 Metaspace       used 28518K, capacity 29252K, committed 29440K, reserved 1075200K
  class space    used 3245K, capacity 3516K, committed 3584K, reserved 1048576K
}
Event: 94.654 GC heap before
{Heap before GC invocations=16 (full 1):
 PSYoungGen      total 37888K, used 30341K [0x0000000795580000, 0x0000000798500000, 0x00000007c0000000)
  eden space 28160K, 100% used [0x0000000795580000,0x0000000797100000,0x0000000797100000)
  from space 9728K, 22% used [0x0000000797b80000,0x0000000797da1728,0x0000000798500000)
  to   space 10240K, 0% used [0x0000000797100000,0x0000000797100000,0x0000000797b00000)
 ParOldGen       total 50176K, used 23431K [0x0000000740000000, 0x0000000743100000, 0x0000000795580000)
  object space 50176K, 46% used [0x0000000740000000,0x00000007416e1d50,0x0000000743100000)
 Metaspace       used 28879K, capacity 29740K, committed 29952K, reserved 1075200K
  class space    used 3265K, capacity 3551K, committed 3584K, reserved 1048576K
Event: 94.656 GC heap after
Heap after GC invocations=16 (full 1):
 PSYoungGen      total 28672K, used 856K [0x0000000795580000, 0x0000000798480000, 0x00000007c0000000)
  eden space 27648K, 0% used [0x0000000795580000,0x0000000795580000,0x0000000797080000)
  from space 1024K, 83% used [0x0000000797100000,0x00000007971d6070,0x0000000797200000)
  to   space 10240K, 0% used [0x0000000797a80000,0x0000000797a80000,0x0000000798480000)
 ParOldGen       total 50176K, used 24079K [0x0000000740000000, 0x0000000743100000, 0x0000000795580000)
  object space 50176K, 47% used [0x0000000740000000,0x0000000741783d50,0x0000000743100000)
 Metaspace       used 28879K, capacity 29740K, committed 29952K, reserved 1075200K
  class space    used 3265K, capacity 3551K, committed 3584K, reserved 1048576K
}
Event: 102.123 GC heap before
{Heap before GC invocations=17 (full 1):
 PSYoungGen      total 28672K, used 28504K [0x0000000795580000, 0x0000000798480000, 0x00000007c0000000)
  eden space 27648K, 100% used [0x0000000795580000,0x0000000797080000,0x0000000797080000)
  from space 1024K, 83% used [0x0000000797100000,0x00000007971d6070,0x0000000797200000)
  to   space 10240K, 0% used [0x0000000797a80000,0x0000000797a80000,0x0000000798480000)
 ParOldGen       total 50176K, used 24079K [0x0000000740000000, 0x0000000743100000, 0x0000000795580000)
  object space 50176K, 47% used [0x0000000740000000,0x0000000741783d50,0x0000000743100000)
 Metaspace       used 29497K, capacity 30372K, committed 30592K, reserved 1077248K
  class space    used 3341K, capacity 3655K, committed 3712K, reserved 1048576K
Event: 102.126 GC heap after
Heap after GC invocations=17 (full 1):
 PSYoungGen      total 36864K, used 2040K [0x0000000795580000, 0x0000000798400000, 0x00000007c0000000)
  eden space 27136K, 0% used [0x0000000795580000,0x0000000795580000,0x0000000797000000)
  from space 9728K, 20% used [0x0000000797a80000,0x0000000797c7e0a0,0x0000000798400000)
  to   space 10240K, 0% used [0x0000000797000000,0x0000000797000000,0x0000000797a00000)
 ParOldGen       total 50176K, used 24471K [0x0000000740000000, 0x0000000743100000, 0x0000000795580000)
  object space 50176K, 48% used [0x0000000740000000,0x00000007417e5d50,0x0000000743100000)
 Metaspace       used 29497K, capacity 30372K, committed 30592K, reserved 1077248K
  class space    used 3341K, capacity 3655K, committed 3712K, reserved 1048576K
}

